app/build/intermediates/manifest_merge_blame_file/debug/manifest-merger-blame-debug-report.txt
1<?xml version="1.0" encoding="utf-8"?>
2<manifest xmlns:android="http://schemas.android.com/apk/res/android"
3    package="com.example.drinkingapp"
4    android:versionCode="1"
5    android:versionName="1.0" >
6
7    <uses-sdk
8        android:minSdkVersion="28"
8-->src\main\AndroidManifest.xml
9        android:targetSdkVersion="33" />
9-->src\main\AndroidManifest.xml
10
11    <uses-permission android:name="android.permission.CAMERA" /> <!-- Don't require camera, as this requires a rear camera. This allows it to work on the Nexus 7 -->
11-->[com.journeyapps:zxing-android-embedded:4.2.0] AndroidManifest.xml:22:5-65
11-->[com.journeyapps:zxing-android-embedded:4.2.0] AndroidManifest.xml:22:22-62
12    <uses-feature
12-->[com.journeyapps:zxing-android-embedded:4.2.0] AndroidManifest.xml:25:5-27:36
13        android:name="android.hardware.camera"
13-->[com.journeyapps:zxing-android-embedded:4.2.0] AndroidManifest.xml:26:9-47
14        android:required="false" />
14-->[com.journeyapps:zxing-android-embedded:4.2.0] AndroidManifest.xml:27:9-33
15    <uses-feature
15-->[com.journeyapps:zxing-android-embedded:4.2.0] AndroidManifest.xml:28:5-30:36
16        android:name="android.hardware.camera.front"
16-->[com.journeyapps:zxing-android-embedded:4.2.0] AndroidManifest.xml:29:9-53
17        android:required="false" /> <!-- TODO replace above two with next line after Android 4.2 -->
17-->[com.journeyapps:zxing-android-embedded:4.2.0] AndroidManifest.xml:30:9-33
18    <!-- <uses-feature android:name="android.hardware.camera.any"/> -->
19    <uses-feature
19-->[com.journeyapps:zxing-android-embedded:4.2.0] AndroidManifest.xml:33:5-35:36
20        android:name="android.hardware.camera.autofocus"
20-->[com.journeyapps:zxing-android-embedded:4.2.0] AndroidManifest.xml:34:9-57
21        android:required="false" />
21-->[com.journeyapps:zxing-android-embedded:4.2.0] AndroidManifest.xml:35:9-33
22    <uses-feature
22-->[com.journeyapps:zxing-android-embedded:4.2.0] AndroidManifest.xml:36:5-38:36
23        android:name="android.hardware.camera.flash"
23-->[com.journeyapps:zxing-android-embedded:4.2.0] AndroidManifest.xml:37:9-53
24        android:required="false" />
24-->[com.journeyapps:zxing-android-embedded:4.2.0] AndroidManifest.xml:38:9-33
25    <uses-feature
25-->[com.journeyapps:zxing-android-embedded:4.2.0] AndroidManifest.xml:39:5-41:36
26        android:name="android.hardware.screen.landscape"
26-->[com.journeyapps:zxing-android-embedded:4.2.0] AndroidManifest.xml:40:9-57
27        android:required="false" />
27-->[com.journeyapps:zxing-android-embedded:4.2.0] AndroidManifest.xml:41:9-33
28    <uses-feature
28-->[com.journeyapps:zxing-android-embedded:4.2.0] AndroidManifest.xml:42:5-44:36
29        android:name="android.hardware.wifi"
29-->[com.journeyapps:zxing-android-embedded:4.2.0] AndroidManifest.xml:43:9-45
30        android:required="false" /> <!-- Although the *SdkVersion is captured in gradle build files, this is required for non gradle builds -->
30-->[com.journeyapps:zxing-android-embedded:4.2.0] AndroidManifest.xml:44:9-33
31    <!-- <uses-sdk android:minSdkVersion="14"/> -->
32    <uses-permission android:name="android.permission.ACCESS_NETWORK_STATE" />
32-->[com.google.firebase:firebase-database:20.1.0] AndroidManifest.xml:24:5-79
32-->[com.google.firebase:firebase-database:20.1.0] AndroidManifest.xml:24:22-76
33    <uses-permission android:name="android.permission.INTERNET" />
33-->[com.google.firebase:firebase-database:20.1.0] AndroidManifest.xml:25:5-67
33-->[com.google.firebase:firebase-database:20.1.0] AndroidManifest.xml:25:22-64
34
35    <application
35-->src\main\AndroidManifest.xml:5:5-30:19
36        android:allowBackup="true"
36-->src\main\AndroidManifest.xml:6:9-35
37        android:appComponentFactory="androidx.core.app.CoreComponentFactory"
37-->[androidx.core:core:1.8.0] AndroidManifest.xml:24:18-86
38        android:dataExtractionRules="@xml/data_extraction_rules"
38-->src\main\AndroidManifest.xml:7:9-65
39        android:debuggable="true"
40        android:extractNativeLibs="false"
41        android:fullBackupContent="@xml/backup_rules"
41-->src\main\AndroidManifest.xml:8:9-54
42        android:icon="@mipmap/ic_launcher"
42-->src\main\AndroidManifest.xml:9:9-43
43        android:label="@string/app_name"
43-->src\main\AndroidManifest.xml:10:9-41
44        android:roundIcon="@mipmap/ic_launcher_round"
44-->src\main\AndroidManifest.xml:11:9-54
45        android:supportsRtl="true"
45-->src\main\AndroidManifest.xml:12:9-35
46        android:testOnly="true"
47        android:theme="@style/Theme.DrinkingApp" >
47-->src\main\AndroidManifest.xml:13:9-49
48        <activity
48-->src\main\AndroidManifest.xml:15:9-29:20
49            android:name="com.example.drinkingapp.MainActivity"
49-->src\main\AndroidManifest.xml:16:13-41
50            android:exported="true"
50-->src\main\AndroidManifest.xml:17:13-36
51            android:label="@string/app_name"
51-->src\main\AndroidManifest.xml:18:13-45
52            android:theme="@style/Theme.DrinkingApp" >
52-->src\main\AndroidManifest.xml:19:13-53
53            <intent-filter>
53-->src\main\AndroidManifest.xml:20:13-24:29
54                <action android:name="android.intent.action.MAIN" />
54-->src\main\AndroidManifest.xml:21:17-69
54-->src\main\AndroidManifest.xml:21:25-66
55
56                <category android:name="android.intent.category.LAUNCHER" />
56-->src\main\AndroidManifest.xml:23:17-77
56-->src\main\AndroidManifest.xml:23:27-74
57            </intent-filter>
58
59            <meta-data
59-->src\main\AndroidManifest.xml:26:13-28:36
60                android:name="android.app.lib_name"
60-->src\main\AndroidManifest.xml:27:17-52
61                android:value="" />
61-->src\main\AndroidManifest.xml:28:17-33
62        </activity>
63        <activity
63-->[androidx.compose.ui:ui-tooling:1.3.3] AndroidManifest.xml:23:9-25:39
64            android:name="androidx.compose.ui.tooling.PreviewActivity"
64-->[androidx.compose.ui:ui-tooling:1.3.3] AndroidManifest.xml:24:13-71
65            android:exported="true" />
65-->[androidx.compose.ui:ui-tooling:1.3.3] AndroidManifest.xml:25:13-36
66
67        <service
67-->[com.google.firebase:firebase-database-ktx:20.1.0] AndroidManifest.xml:11:9-17:19
68            android:name="com.google.firebase.components.ComponentDiscoveryService"
68-->[com.google.firebase:firebase-database-ktx:20.1.0] AndroidManifest.xml:12:13-84
69            android:directBootAware="true"
69-->[com.google.firebase:firebase-common:20.3.0] AndroidManifest.xml:34:13-43
70            android:exported="false" >
70-->[com.google.firebase:firebase-database-ktx:20.1.0] AndroidManifest.xml:13:13-37
71            <meta-data
71-->[com.google.firebase:firebase-database-ktx:20.1.0] AndroidManifest.xml:14:13-16:85
72                android:name="com.google.firebase.components:com.google.firebase.database.ktx.FirebaseDatabaseKtxRegistrar"
72-->[com.google.firebase:firebase-database-ktx:20.1.0] AndroidManifest.xml:15:17-124
73                android:value="com.google.firebase.components.ComponentRegistrar" />
73-->[com.google.firebase:firebase-database-ktx:20.1.0] AndroidManifest.xml:16:17-82
74            <meta-data
74-->[com.google.firebase:firebase-common-ktx:20.3.0] AndroidManifest.xml:14:13-16:85
75                android:name="com.google.firebase.components:com.google.firebase.ktx.FirebaseCommonKtxRegistrar"
75-->[com.google.firebase:firebase-common-ktx:20.3.0] AndroidManifest.xml:15:17-113
76                android:value="com.google.firebase.components.ComponentRegistrar" />
76-->[com.google.firebase:firebase-common-ktx:20.3.0] AndroidManifest.xml:16:17-82
77            <meta-data
77-->[com.google.firebase:firebase-database:20.1.0] AndroidManifest.xml:31:13-33:85
78                android:name="com.google.firebase.components:com.google.firebase.database.DatabaseRegistrar"
78-->[com.google.firebase:firebase-database:20.1.0] AndroidManifest.xml:32:17-109
79                android:value="com.google.firebase.components.ComponentRegistrar" />
79-->[com.google.firebase:firebase-database:20.1.0] AndroidManifest.xml:33:17-82
80        </service>
81
82        <activity
82-->[androidx.compose.ui:ui-test-manifest:1.3.3] AndroidManifest.xml:23:9-25:39
83            android:name="androidx.activity.ComponentActivity"
83-->[androidx.compose.ui:ui-test-manifest:1.3.3] AndroidManifest.xml:24:13-63
84            android:exported="true" />
84-->[androidx.compose.ui:ui-test-manifest:1.3.3] AndroidManifest.xml:25:13-36
85        <activity
85-->[com.journeyapps:zxing-android-embedded:4.2.0] AndroidManifest.xml:47:9-53:63
86            android:name="com.journeyapps.barcodescanner.CaptureActivity"
86-->[com.journeyapps:zxing-android-embedded:4.2.0] AndroidManifest.xml:48:13-74
87            android:clearTaskOnLaunch="true"
87-->[com.journeyapps:zxing-android-embedded:4.2.0] AndroidManifest.xml:49:13-45
88            android:screenOrientation="sensorLandscape"
88-->[com.journeyapps:zxing-android-embedded:4.2.0] AndroidManifest.xml:50:13-56
89            android:stateNotNeeded="true"
89-->[com.journeyapps:zxing-android-embedded:4.2.0] AndroidManifest.xml:51:13-42
90            android:theme="@style/zxing_CaptureTheme"
90-->[com.journeyapps:zxing-android-embedded:4.2.0] AndroidManifest.xml:52:13-54
91            android:windowSoftInputMode="stateAlwaysHidden" />
91-->[com.journeyapps:zxing-android-embedded:4.2.0] AndroidManifest.xml:53:13-60
92
93        <provider
93-->[com.google.firebase:firebase-common:20.3.0] AndroidManifest.xml:25:9-30:39
94            android:name="com.google.firebase.provider.FirebaseInitProvider"
94-->[com.google.firebase:firebase-common:20.3.0] AndroidManifest.xml:26:13-77
95            android:authorities="com.example.drinkingapp.firebaseinitprovider"
95-->[com.google.firebase:firebase-common:20.3.0] AndroidManifest.xml:27:13-72
96            android:directBootAware="true"
96-->[com.google.firebase:firebase-common:20.3.0] AndroidManifest.xml:28:13-43
97            android:exported="false"
97-->[com.google.firebase:firebase-common:20.3.0] AndroidManifest.xml:29:13-37
98            android:initOrder="100" />
98-->[com.google.firebase:firebase-common:20.3.0] AndroidManifest.xml:30:13-36
99
100        <activity
100-->[com.google.android.gms:play-services-base:18.0.1] AndroidManifest.xml:20:9-22:45
101            android:name="com.google.android.gms.common.api.GoogleApiActivity"
101-->[com.google.android.gms:play-services-base:18.0.1] AndroidManifest.xml:20:19-85
102            android:exported="false"
102-->[com.google.android.gms:play-services-base:18.0.1] AndroidManifest.xml:22:19-43
103            android:theme="@android:style/Theme.Translucent.NoTitleBar" />
103-->[com.google.android.gms:play-services-base:18.0.1] AndroidManifest.xml:21:19-78
104
105        <meta-data
105-->[com.google.android.gms:play-services-basement:18.1.0] AndroidManifest.xml:21:9-23:69
106            android:name="com.google.android.gms.version"
106-->[com.google.android.gms:play-services-basement:18.1.0] AndroidManifest.xml:22:13-58
107            android:value="@integer/google_play_services_version" />
107-->[com.google.android.gms:play-services-basement:18.1.0] AndroidManifest.xml:23:13-66
108
109        <provider
109-->[androidx.profileinstaller:profileinstaller:1.2.0] AndroidManifest.xml:25:9-33:20
110            android:name="androidx.startup.InitializationProvider"
110-->[androidx.profileinstaller:profileinstaller:1.2.0] AndroidManifest.xml:26:13-67
111            android:authorities="com.example.drinkingapp.androidx-startup"
111-->[androidx.profileinstaller:profileinstaller:1.2.0] AndroidManifest.xml:27:13-68
112            android:exported="false" >
112-->[androidx.profileinstaller:profileinstaller:1.2.0] AndroidManifest.xml:28:13-37
113            <meta-data
113-->[androidx.profileinstaller:profileinstaller:1.2.0] AndroidManifest.xml:30:13-32:52
114                android:name="androidx.profileinstaller.ProfileInstallerInitializer"
114-->[androidx.profileinstaller:profileinstaller:1.2.0] AndroidManifest.xml:31:17-85
115                android:value="androidx.startup" />
115-->[androidx.profileinstaller:profileinstaller:1.2.0] AndroidManifest.xml:32:17-49
116        </provider>
117
118        <receiver
118-->[androidx.profileinstaller:profileinstaller:1.2.0] AndroidManifest.xml:35:9-47:20
119            android:name="androidx.profileinstaller.ProfileInstallReceiver"
119-->[androidx.profileinstaller:profileinstaller:1.2.0] AndroidManifest.xml:36:13-76
120            android:directBootAware="false"
120-->[androidx.profileinstaller:profileinstaller:1.2.0] AndroidManifest.xml:37:13-44
121            android:enabled="true"
121-->[androidx.profileinstaller:profileinstaller:1.2.0] AndroidManifest.xml:38:13-35
122            android:exported="true"
122-->[androidx.profileinstaller:profileinstaller:1.2.0] AndroidManifest.xml:39:13-36
123            android:permission="android.permission.DUMP" >
123-->[androidx.profileinstaller:profileinstaller:1.2.0] AndroidManifest.xml:40:13-57
124            <intent-filter>
124-->[androidx.profileinstaller:profileinstaller:1.2.0] AndroidManifest.xml:41:13-43:29
125                <action android:name="androidx.profileinstaller.action.INSTALL_PROFILE" />
125-->[androidx.profileinstaller:profileinstaller:1.2.0] AndroidManifest.xml:42:17-91
125-->[androidx.profileinstaller:profileinstaller:1.2.0] AndroidManifest.xml:42:25-88
126            </intent-filter>
127            <intent-filter>
127-->[androidx.profileinstaller:profileinstaller:1.2.0] AndroidManifest.xml:44:13-46:29
128                <action android:name="androidx.profileinstaller.action.SKIP_FILE" />
128-->[androidx.profileinstaller:profileinstaller:1.2.0] AndroidManifest.xml:45:17-85
128-->[androidx.profileinstaller:profileinstaller:1.2.0] AndroidManifest.xml:45:25-82
129            </intent-filter>
130        </receiver>
131    </application>
132
133</manifest>